0 info it worked if it ends with ok
1 verbose cli [ '/home/ubuntu/.nvm/versions/node/v6.17.0/bin/node',
1 verbose cli   '/home/ubuntu/.nvm/versions/node/v6.17.0/bin/npm',
1 verbose cli   'run',
1 verbose cli   'server' ]
2 info using npm@3.10.10
3 info using node@v6.17.0
4 verbose run-script [ 'preserver', 'server', 'postserver' ]
5 info lifecycle io.civilengineer@1.0.0~preserver: io.civilengineer@1.0.0
6 silly lifecycle io.civilengineer@1.0.0~preserver: no script for preserver, continuing
7 info lifecycle io.civilengineer@1.0.0~server: io.civilengineer@1.0.0
8 verbose lifecycle io.civilengineer@1.0.0~server: unsafe-perm in lifecycle true
9 verbose lifecycle io.civilengineer@1.0.0~server: PATH: /home/ubuntu/.nvm/versions/node/v6.17.0/lib/node_modules/npm/bin/node-gyp-bin:/home/ubuntu/environment/civilengineer/node_modules/.bin:/home/ubuntu/.rvm/gems/ruby-2.6.0/bin:/home/ubuntu/.rvm/gems/ruby-2.6.0@global/bin:/home/ubuntu/.rvm/rubies/ruby-2.6.0/bin:/home/ubuntu/.nvm/versions/node/v6.17.0/bin:/usr/local/sbin:/usr/local/bin:/usr/sbin:/usr/bin:/sbin:/bin:/usr/games:/usr/local/games:/home/ubuntu/.local/bin:/home/ubuntu/bin:/home/ubuntu/.rvm/bin:/snap/bin
10 verbose lifecycle io.civilengineer@1.0.0~server: CWD: /home/ubuntu/environment/civilengineer
11 silly lifecycle io.civilengineer@1.0.0~server: Args: [ '-c', 'PORT=8081 nodemon index.js' ]
12 silly lifecycle io.civilengineer@1.0.0~server: Returned: code: 143  signal: null
13 info lifecycle io.civilengineer@1.0.0~server: Failed to exec server script
14 verbose stack Error: io.civilengineer@1.0.0 server: `PORT=8081 nodemon index.js`
14 verbose stack Exit status 143
14 verbose stack     at EventEmitter.<anonymous> (/home/ubuntu/.nvm/versions/node/v6.17.0/lib/node_modules/npm/lib/utils/lifecycle.js:255:16)
14 verbose stack     at emitTwo (events.js:106:13)
14 verbose stack     at EventEmitter.emit (events.js:191:7)
14 verbose stack     at ChildProcess.<anonymous> (/home/ubuntu/.nvm/versions/node/v6.17.0/lib/node_modules/npm/lib/utils/spawn.js:40:14)
14 verbose stack     at emitTwo (events.js:106:13)
14 verbose stack     at ChildProcess.emit (events.js:191:7)
14 verbose stack     at maybeClose (internal/child_process.js:920:16)
14 verbose stack     at Process.ChildProcess._handle.onexit (internal/child_process.js:230:5)
15 verbose pkgid io.civilengineer@1.0.0
16 verbose cwd /home/ubuntu/environment/civilengineer
17 error Linux 4.15.0-1039-aws
18 error argv "/home/ubuntu/.nvm/versions/node/v6.17.0/bin/node" "/home/ubuntu/.nvm/versions/node/v6.17.0/bin/npm" "run" "server"
19 error node v6.17.0
20 error npm  v3.10.10
21 error code ELIFECYCLE
22 error io.civilengineer@1.0.0 server: `PORT=8081 nodemon index.js`
22 error Exit status 143
23 error Failed at the io.civilengineer@1.0.0 server script 'PORT=8081 nodemon index.js'.
23 error Make sure you have the latest version of node.js and npm installed.
23 error If you do, this is most likely a problem with the io.civilengineer package,
23 error not with npm itself.
23 error Tell the author that this fails on your system:
23 error     PORT=8081 nodemon index.js
23 error You can get information on how to open an issue for this project with:
23 error     npm bugs io.civilengineer
23 error Or if that isn't available, you can get their info via:
23 error     npm owner ls io.civilengineer
23 error There is likely additional logging output above.
24 verbose exit [ 1, true ]
